<?xml version="1.0" encoding="UTF-8"?>
<!-- Generated by org.testng.reporters.JUnitReportReporter -->
<testsuite hostname="DESKTOP-IQA6L6F" failures="0" tests="1" name="com.lmsApi.testCases.TC002_GetRquestLMS" time="2.244" errors="0" timestamp="2022-02-02T17:21:25 EST" skipped="0">
  <testcase classname="com.lmsApi.testCases.TC002_GetRquestLMS" name="getAllPrograms" time="2.244"/>
  <system-out/>
</testsuite> <!-- com.lmsApi.testCases.TC002_GetRquestLMS -->
