<?xml version="1.0" encoding="UTF-8"?>
<!-- Generated by org.testng.reporters.JUnitReportReporter -->
<testsuite hostname="DESKTOP-IQA6L6F" failures="0" tests="1" name="com.lmsApi.testCases.TC001_GetAllPrograms" time="2.790" errors="0" timestamp="2022-02-01T17:10:07 EST" skipped="0">
  <testcase classname="com.lmsApi.testCases.TC001_GetAllPrograms" name="defaultAuthorisation" time="2.790"/>
  <system-out/>
</testsuite> <!-- com.lmsApi.testCases.TC001_GetAllPrograms -->
