<?xml version="1.0" encoding="UTF-8"?>
<!-- Generated by org.testng.reporters.JUnitReportReporter -->
<testsuite hostname="DESKTOP-IQA6L6F" failures="0" tests="13" name="com.lmsApi.testCases.TC003_PostRequestLMS" time="7.648" errors="0" timestamp="2022-02-22T15:15:16 EST" skipped="0">
  <testcase classname="com.lmsApi.testCases.TC003_PostRequestLMS" name="post_record" time="0.423"/>
  <system-out/>
  <testcase classname="com.lmsApi.testCases.TC003_PostRequestLMS" name="post_record" time="0.404"/>
  <system-out/>
  <testcase classname="com.lmsApi.testCases.TC003_PostRequestLMS" name="post_record" time="0.314"/>
  <system-out/>
  <testcase classname="com.lmsApi.testCases.TC003_PostRequestLMS" name="post_record" time="0.434"/>
  <system-out/>
  <testcase classname="com.lmsApi.testCases.TC003_PostRequestLMS" name="post_record" time="0.414"/>
  <system-out/>
  <testcase classname="com.lmsApi.testCases.TC003_PostRequestLMS" name="post_record" time="0.580"/>
  <system-out/>
  <testcase classname="com.lmsApi.testCases.TC003_PostRequestLMS" name="post_record" time="0.438"/>
  <system-out/>
  <testcase classname="com.lmsApi.testCases.TC003_PostRequestLMS" name="post_record" time="0.661"/>
  <system-out/>
  <testcase classname="com.lmsApi.testCases.TC003_PostRequestLMS" name="post_record" time="2.104"/>
  <system-out/>
  <testcase classname="com.lmsApi.testCases.TC003_PostRequestLMS" name="post_record" time="0.500"/>
  <system-out/>
  <testcase classname="com.lmsApi.testCases.TC003_PostRequestLMS" name="post_record" time="0.404"/>
  <system-out/>
  <testcase classname="com.lmsApi.testCases.TC003_PostRequestLMS" name="post_record" time="0.435"/>
  <system-out/>
  <testcase classname="com.lmsApi.testCases.TC003_PostRequestLMS" name="post_record" time="0.537"/>
  <system-out/>
</testsuite> <!-- com.lmsApi.testCases.TC003_PostRequestLMS -->
