<?xml version="1.0" encoding="UTF-8"?>
<!-- Generated by org.testng.reporters.JUnitReportReporter -->
<testsuite hostname="DESKTOP-IQA6L6F" failures="0" tests="6" name="com.lmsApi.testCases.TC001_LoginValidations" time="38.933" errors="0" timestamp="2022-02-22T15:15:16 EST" skipped="0">
  <testcase classname="com.lmsApi.testCases.TC001_LoginValidations" name="defaultAuthorization" time="33.817"/>
  <system-out/>
  <testcase classname="com.lmsApi.testCases.TC001_LoginValidations" name="basic_authorization" time="3.311"/>
  <system-out/>
  <testcase classname="com.lmsApi.testCases.TC001_LoginValidations" name="basic_authorization" time="0.309"/>
  <system-out/>
  <testcase classname="com.lmsApi.testCases.TC001_LoginValidations" name="basic_authorization" time="0.312"/>
  <system-out/>
  <testcase classname="com.lmsApi.testCases.TC001_LoginValidations" name="basic_authorization" time="0.454"/>
  <system-out/>
  <testcase classname="com.lmsApi.testCases.TC001_LoginValidations" name="InvalidURL" time="0.730"/>
  <system-out/>
</testsuite> <!-- com.lmsApi.testCases.TC001_LoginValidations -->
