<?xml version="1.0" encoding="UTF-8"?>
<!-- Generated by org.testng.reporters.JUnitReportReporter -->
<testsuite hostname="DESKTOP-IQA6L6F" failures="0" tests="10" name="com.lmsApi.testCases.TC004_PutRequestLMS" time="5.851" errors="0" timestamp="2022-02-22T15:15:16 EST" skipped="0">
  <testcase classname="com.lmsApi.testCases.TC004_PutRequestLMS" name="put_record" time="0.540"/>
  <system-out/>
  <testcase classname="com.lmsApi.testCases.TC004_PutRequestLMS" name="put_record" time="0.404"/>
  <system-out/>
  <testcase classname="com.lmsApi.testCases.TC004_PutRequestLMS" name="put_record" time="0.523"/>
  <system-out/>
  <testcase classname="com.lmsApi.testCases.TC004_PutRequestLMS" name="put_record" time="0.405"/>
  <system-out/>
  <testcase classname="com.lmsApi.testCases.TC004_PutRequestLMS" name="put_record" time="0.379"/>
  <system-out/>
  <testcase classname="com.lmsApi.testCases.TC004_PutRequestLMS" name="put_record" time="0.409"/>
  <system-out/>
  <testcase classname="com.lmsApi.testCases.TC004_PutRequestLMS" name="put_record" time="0.689"/>
  <system-out/>
  <testcase classname="com.lmsApi.testCases.TC004_PutRequestLMS" name="put_record" time="1.481"/>
  <system-out/>
  <testcase classname="com.lmsApi.testCases.TC004_PutRequestLMS" name="put_record" time="0.527"/>
  <system-out/>
  <testcase classname="com.lmsApi.testCases.TC004_PutRequestLMS" name="put_record" time="0.494"/>
  <system-out/>
</testsuite> <!-- com.lmsApi.testCases.TC004_PutRequestLMS -->
