<?xml version="1.0" encoding="UTF-8"?>
<!-- Generated by org.testng.reporters.JUnitReportReporter -->
<testsuite hostname="DESKTOP-IQA6L6F" failures="0" tests="1" name="com.lmsApi.testCases.LMS_SchemaValidation" time="4.808" errors="0" timestamp="2022-02-22T13:00:30 EST" skipped="0">
  <testcase classname="com.lmsApi.testCases.LMS_SchemaValidation" name="getAuthentication" time="4.808"/>
  <system-out/>
</testsuite> <!-- com.lmsApi.testCases.LMS_SchemaValidation -->
