<?xml version="1.0" encoding="UTF-8"?>
<!-- Generated by org.testng.reporters.JUnitReportReporter -->
<testsuite hostname="DESKTOP-IQA6L6F" failures="0" tests="4" name="com.lmsApi.testCases.TC005_DeleteRequestLMS" time="2.770" errors="0" timestamp="2022-02-22T15:15:16 EST" skipped="0">
  <testcase classname="com.lmsApi.testCases.TC005_DeleteRequestLMS" name="delete_record" time="0.693"/>
  <system-out/>
  <testcase classname="com.lmsApi.testCases.TC005_DeleteRequestLMS" name="delete_record" time="0.733"/>
  <system-out/>
  <testcase classname="com.lmsApi.testCases.TC005_DeleteRequestLMS" name="delete_record" time="0.645"/>
  <system-out/>
  <testcase classname="com.lmsApi.testCases.TC005_DeleteRequestLMS" name="delete_record" time="0.699"/>
  <system-out/>
</testsuite> <!-- com.lmsApi.testCases.TC005_DeleteRequestLMS -->
