<?xml version="1.0" encoding="UTF-8"?>
<!-- Generated by org.testng.reporters.JUnitReportReporter -->
<testsuite hostname="DESKTOP-IQA6L6F" failures="0" tests="5" name="com.lmsApi.testCases.TC002_GetRequestLMS" time="19.080" errors="0" timestamp="2022-02-22T15:15:16 EST" skipped="0">
  <testcase classname="com.lmsApi.testCases.TC002_GetRequestLMS" name="get_AllPrograms" time="1.642"/>
  <system-out/>
  <testcase classname="com.lmsApi.testCases.TC002_GetRequestLMS" name="get_ProgramID" time="0.456"/>
  <system-out/>
  <testcase classname="com.lmsApi.testCases.TC002_GetRequestLMS" name="get_ProgramID" time="4.532"/>
  <system-out/>
  <testcase classname="com.lmsApi.testCases.TC002_GetRequestLMS" name="get_ProgramID" time="8.561"/>
  <system-out/>
  <testcase classname="com.lmsApi.testCases.TC002_GetRequestLMS" name="get_ProgramID" time="3.889"/>
  <system-out/>
</testsuite> <!-- com.lmsApi.testCases.TC002_GetRequestLMS -->
